<?xml version="1.0" encoding="UTF-8"?>
<!-- Generated by org.testng.reporters.JUnitXMLReporter -->
<testsuite ignored="0" hostname="MAVBCP2298" failures="0" tests="3" name="Default test" time="0.139" errors="0" timestamp="2021-12-05T20:14:49 IST">
  <testcase classname="com.scuba.training.DataProviders" name="testMethod1" time="0.016"/>
  <testcase classname="com.scuba.training.DataProviders" name="testMethod1" time="0.006"/>
  <testcase classname="com.scuba.training.DataProviders" name="testMethod1" time="0.002"/>
</testsuite> <!-- Default test -->
