<?xml version="1.0" encoding="UTF-8"?>
<!-- Generated by org.testng.reporters.JUnitXMLReporter -->
<testsuite ignored="0" hostname="MAVBCP2298" failures="0" tests="3" name="Test" time="0.111" errors="0" timestamp="2021-12-05T20:18:34 IST">
  <testcase classname="com.scuba.training.DataProviders" name="testMethod1" time="0.013"/>
  <testcase classname="com.scuba.training.DataProviders" name="testMethod1" time="0.002"/>
  <testcase classname="com.scuba.training.DataProviders" name="testMethod1" time="0.003"/>
</testsuite> <!-- Test -->
