<?xml version="1.0" encoding="UTF-8"?>
<testng-results ignored="0" total="3" passed="3" failed="0" skipped="0">
  <reporter-output>
  </reporter-output>
  <suite started-at="2021-12-05T20:18:33 IST" name="Suite" finished-at="2021-12-05T20:18:33 IST" duration-ms="111">
    <groups>
    </groups>
    <test started-at="2021-12-05T20:18:33 IST" name="Test" finished-at="2021-12-05T20:18:33 IST" duration-ms="111">
      <class name="com.scuba.training.DataProviders">
        <test-method signature="testMethod1(java.lang.String,java.lang.String)[pri:0, instance:com.scuba.training.DataProviders@3315d2d7]" started-at="2021-12-05T20:18:33 IST" name="testMethod1" data-provider="inputs" finished-at="2021-12-05T20:18:33 IST" duration-ms="13" status="PASS">
          <params>
            <param index="0">
              <value>
                <![CDATA[Abirami]]>
              </value>
            </param>
            <param index="1">
              <value>
                <![CDATA[Ramesh]]>
              </value>
            </param>
          </params>
          <reporter-output>
          </reporter-output>
        </test-method> <!-- testMethod1 -->
        <test-method signature="testMethod1(java.lang.String,java.lang.String)[pri:0, instance:com.scuba.training.DataProviders@3315d2d7]" started-at="2021-12-05T20:18:33 IST" name="testMethod1" data-provider="inputs" finished-at="2021-12-05T20:18:33 IST" duration-ms="2" status="PASS">
          <params>
            <param index="0">
              <value>
                <![CDATA[Maha]]>
              </value>
            </param>
            <param index="1">
              <value>
                <![CDATA[Ganesh]]>
              </value>
            </param>
          </params>
          <reporter-output>
          </reporter-output>
        </test-method> <!-- testMethod1 -->
        <test-method signature="testMethod1(java.lang.String,java.lang.String)[pri:0, instance:com.scuba.training.DataProviders@3315d2d7]" started-at="2021-12-05T20:18:33 IST" name="testMethod1" data-provider="inputs" finished-at="2021-12-05T20:18:33 IST" duration-ms="3" status="PASS">
          <params>
            <param index="0">
              <value>
                <![CDATA[Harsha]]>
              </value>
            </param>
            <param index="1">
              <value>
                <![CDATA[Mohan]]>
              </value>
            </param>
          </params>
          <reporter-output>
          </reporter-output>
        </test-method> <!-- testMethod1 -->
      </class> <!-- com.scuba.training.DataProviders -->
    </test> <!-- Test -->
  </suite> <!-- Suite -->
</testng-results>
