<?xml version="1.0" encoding="UTF-8"?>
<!-- Generated by org.testng.reporters.JUnitXMLReporter -->
<testsuite ignored="4" hostname="MAVBCP2298" failures="0" tests="2" name="Grouping" time="0.065" errors="0" timestamp="2021-12-02T15:25:22 IST">
  <testcase classname="com.scuba.training.SampleTestNG" name="Five" time="0.007"/>
  <testcase classname="com.scuba.training.SampleTestNG" name="Twelve" time="0.001"/>
  <testcase classname="com.scuba.training.SampleTestNG" name="First" time="0.0">
    <ignored/>
  </testcase> <!-- First -->
  <testcase classname="com.scuba.training.SampleTestNG" name="Four" time="0.0">
    <ignored/>
  </testcase> <!-- Four -->
  <testcase classname="com.scuba.training.SampleTestNG" name="Third" time="0.0">
    <ignored/>
  </testcase> <!-- Third -->
  <testcase classname="com.scuba.training.SampleTestNG" name="Second" time="0.0">
    <ignored/>
  </testcase> <!-- Second -->
</testsuite> <!-- Grouping -->
